<?xml version="1.0" encoding="UTF-8"?>
<!-- Generated by org.testng.reporters.JUnitReportReporter -->
<testsuite skipped="0" hostname="DESKTOP-38IUH1H" name="leads.CreateLeadsTest" tests="1" failures="0" timestamp="2021-05-21T11:30:45 IST" time="0.011" errors="0">
  <testcase name="createLead" time="0.011" classname="leads.CreateLeadsTest"/>
  <system-out>
executing createLead  </system-out>
</testsuite> <!-- leads.CreateLeadsTest -->
