<?xml version="1.0" encoding="UTF-8"?>
<!-- Generated by org.testng.reporters.JUnitReportReporter -->
<testsuite skipped="0" hostname="DESKTOP-38IUH1H" name="contacts.CreateContactsTest" tests="1" failures="0" timestamp="2021-05-21T11:30:45 IST" time="0.003" errors="0">
  <testcase name="createContact" time="0.003" classname="contacts.CreateContactsTest"/>
  <system-out>
facebook safari fromEclipse executing createContact  </system-out>
</testsuite> <!-- contacts.CreateContactsTest -->
